{
  "RSpec": {
    "coverage": {
      "/home/gregarious-node-5800/tic-tac-toe-rb-ruby-intro-000/lib/tic_tac_toe.rb": [
        null,
        1,
        null,
        null,
        null,
        null,
        null,
        null,
        null,
        null,
        null,
        1,
        15,
        15,
        15,
        15,
        15,
        null,
        null,
        1,
        14,
        null,
        null,
        1,
        13,
        null,
        null,
        1,
        16,
        null,
        null,
        1,
        14,
        null,
        null,
        1,
        12,
        12,
        108,
        9,
        null,
        null,
        12,
        null,
        null,
        1,
        null,
        11,
        11,
        9,
        null,
        2,
        null,
        11,
        null,
        null,
        1,
        11,
        11,
        11,
        11,
        10,
        10,
        10,
        null,
        1,
        null,
        null,
        null,
        1,
        23,
        0,
        0,
        0,
        null,
        0,
        0,
        0,
        null,
        0,
        0,
        0,
        0,
        null,
        null,
        0,
        null,
        null,
        1,
        25,
        null,
        null,
        1,
        6,
        1,
        null,
        1,
        null,
        null,
        null,
        1,
        12,
        1,
        null,
        1,
        null,
        null,
        null,
        1,
        3,
        3,
        0,
        null,
        null,
        0,
        0,
        null,
        0,
        null,
        null,
        null,
        null,
        1,
        12,
        8,
        null,
        null,
        5,
        1,
        0,
        0,
        null,
        null
      ]
    },
    "timestamp": 1621727562
  }
}
